<?xml version="1.0" encoding="UTF-8"?>
<!-- Generated by org.testng.reporters.JUnitReportReporter -->
<testsuite hostname="ICPL11522" name="testannotaions.TestAnnotations" tests="2" failures="0" timestamp="9 Dec 2016 09:42:03 GMT" time="0.000" errors="0">
  <testcase name="testCase1" time="0.000" classname="testannotaions.TestAnnotations"/>
  <testcase name="testCase2" time="0.000" classname="testannotaions.TestAnnotations"/>
</testsuite> <!-- testannotaions.TestAnnotations -->
