<?xml version="1.0" encoding="UTF-8"?>
<!-- Generated by org.testng.reporters.JUnitReportReporter -->
<testsuite hostname="ICPL11522" name="test.DragAndDropDemo" tests="1" failures="0" timestamp="9 Dec 2016 09:42:03 GMT" time="12.668" errors="0">
  <testcase name="f" time="12.668" classname="test.DragAndDropDemo"/>
</testsuite> <!-- test.DragAndDropDemo -->
