<?xml version="1.0" encoding="UTF-8"?>
<!-- Generated by org.testng.reporters.JUnitReportReporter -->
<testsuite hostname="ICPL11522" name="test.RightClickOnMenuDemo" tests="1" failures="0" timestamp="9 Dec 2016 09:42:03 GMT" time="4.536" errors="0">
  <testcase name="f" time="4.536" classname="test.RightClickOnMenuDemo"/>
</testsuite> <!-- test.RightClickOnMenuDemo -->
