<?xml version="1.0" encoding="UTF-8"?>
<!-- Generated by org.testng.reporters.JUnitReportReporter -->
<testsuite hostname="ICPL11522" name="test.DoubleClickOnElement" tests="1" failures="0" timestamp="9 Dec 2016 09:42:03 GMT" time="12.650" errors="0">
  <testcase name="f" time="12.650" classname="test.DoubleClickOnElement"/>
</testsuite> <!-- test.DoubleClickOnElement -->
