<?xml version="1.0" encoding="UTF-8"?>
<!-- Generated by org.testng.reporters.JUnitReportReporter -->
<testsuite hostname="ICPL11522" name="test.TestGroup" tests="5" failures="0" timestamp="9 Dec 2016 09:42:03 GMT" time="0.001" errors="0">
  <testcase name="Scooter2" time="0.000" classname="test.TestGroup"/>
  <testcase name="Car2" time="0.000" classname="test.TestGroup"/>
  <testcase name="Scooter1" time="0.000" classname="test.TestGroup"/>
  <testcase name="Car1" time="0.000" classname="test.TestGroup"/>
  <testcase name="Sedan1" time="0.001" classname="test.TestGroup"/>
</testsuite> <!-- test.TestGroup -->
