<?xml version="1.0" encoding="UTF-8"?>
<!-- Generated by org.testng.reporters.JUnitReportReporter -->
<testsuite hostname="ICPL11522" name="test.TestngParameters" tests="1" failures="0" timestamp="27 Sep 2016 04:53:11 GMT" time="11.027" errors="0">
  <testcase name="test" time="11.027" classname="test.TestngParameters"/>
</testsuite> <!-- test.TestngParameters -->
